<?xml version="1.0" encoding="UTF-8"?>
<testng-results skipped="0" failed="0" total="1" passed="1">
  <reporter-output>
  </reporter-output>
  <suite name="Default suite" duration-ms="1999" started-at="2022-11-15T14:38:16Z" finished-at="2022-11-15T14:38:18Z">
    <groups>
    </groups>
    <test name="Default test" duration-ms="1999" started-at="2022-11-15T14:38:16Z" finished-at="2022-11-15T14:38:18Z">
      <class name="Rest_Test.Get_Data">
        <test-method status="PASS" signature="testResponsecode()[pri:0, instance:Rest_Test.Get_Data@60704c]" name="testResponsecode" duration-ms="1951" started-at="2022-11-15T20:08:16Z" finished-at="2022-11-15T20:08:18Z">
          <reporter-output>
          </reporter-output>
        </test-method> <!-- testResponsecode -->
      </class> <!-- Rest_Test.Get_Data -->
    </test> <!-- Default test -->
  </suite> <!-- Default suite -->
</testng-results>
